<?xml version="1.0" encoding="UTF-8"?>
<robot generator="Robot 3.2.1 (Python 3.8.5 on win32)" generated="20200810 13:46:20.582" rpa="false">
<suite id="s1" name="Metofficetestsuite" source="C:\Users\Dale\PycharmProjects\MetOffice\Robot-Framework-MetOffice\TestCases\metofficetestsuite.robot">
<test id="s1-t1" name="TC1: I can find the forecast for Jacobs Ladder beach in Sidmouth and be taken to the appropriate forecast page">
<kw name="Start TestCase" library="Common" type="setup">
<kw name="Open Browser" library="SeleniumLibrary">
<doc>Opens a new browser instance to the optional ``url``.</doc>
<arguments>
<arg>https://www.metoffice.gov.uk/</arg>
<arg>chrome</arg>
</arguments>
<msg timestamp="20200810 13:46:20.843" level="INFO">Opening browser 'chrome' to base url 'https://www.metoffice.gov.uk/'.</msg>
<status status="PASS" starttime="20200810 13:46:20.842" endtime="20200810 13:46:26.310"></status>
</kw>
<kw name="Maximize Browser Window" library="SeleniumLibrary">
<doc>Maximizes current browser window.</doc>
<status status="PASS" starttime="20200810 13:46:26.311" endtime="20200810 13:46:28.532"></status>
</kw>
<kw name="Click Button" library="SeleniumLibrary">
<doc>Clicks the button identified by ``locator``.</doc>
<arguments>
<arg>${HPCookiesDisclaimerBtn}</arg>
</arguments>
<msg timestamp="20200810 13:46:28.535" level="INFO">Clicking button 'xpath://html/body/section/div/div/div[2]/div[1]/button'.</msg>
<status status="PASS" starttime="20200810 13:46:28.533" endtime="20200810 13:46:28.910"></status>
</kw>
<status status="PASS" starttime="20200810 13:46:20.842" endtime="20200810 13:46:28.910"></status>
</kw>
<kw name="Select Search Text Box" library="KeywordsForecast">
<kw name="Click Element" library="SeleniumLibrary">
<doc>Click the element identified by ``locator``.</doc>
<arguments>
<arg>${HPSearchTextBox}</arg>
</arguments>
<msg timestamp="20200810 13:46:28.912" level="INFO">Clicking element 'xpath://input[@id='location-search-input']'.</msg>
<status status="PASS" starttime="20200810 13:46:28.912" endtime="20200810 13:46:29.356"></status>
</kw>
<status status="PASS" starttime="20200810 13:46:28.911" endtime="20200810 13:46:29.356"></status>
</kw>
<kw name="Enter Search Term" library="KeywordsForecast">
<arguments>
<arg>${searchterm}</arg>
</arguments>
<kw name="Wait Until Page Contains Element" library="SeleniumLibrary">
<doc>Waits until the element ``locator`` appears on the current page.</doc>
<arguments>
<arg>${HPSearchTextBox}</arg>
</arguments>
<status status="PASS" starttime="20200810 13:46:29.358" endtime="20200810 13:46:29.378"></status>
</kw>
<kw name="Input Text" library="SeleniumLibrary">
<doc>Types the given ``text`` into the text field identified by ``locator``.</doc>
<arguments>
<arg>${HPSearchTextBox}</arg>
<arg>${searchterm}</arg>
</arguments>
<msg timestamp="20200810 13:46:29.379" level="INFO">Typing text 'jacobs ladder' into text field 'xpath://input[@id='location-search-input']'.</msg>
<status status="PASS" starttime="20200810 13:46:29.378" endtime="20200810 13:46:29.539"></status>
</kw>
<status status="PASS" starttime="20200810 13:46:29.357" endtime="20200810 13:46:29.539"></status>
</kw>
<kw name="Click Search" library="KeywordsForecast">
<kw name="Click Element" library="SeleniumLibrary">
<doc>Click the element identified by ``locator``.</doc>
<arguments>
<arg>${HPSearchButton}</arg>
</arguments>
<msg timestamp="20200810 13:46:29.541" level="INFO">Clicking element 'xpath://button[@id='location-search-submit']//span[@class='icon'][contains(text(),'Search')]'.</msg>
<status status="PASS" starttime="20200810 13:46:29.541" endtime="20200810 13:46:30.947"></status>
</kw>
<status status="PASS" starttime="20200810 13:46:29.540" endtime="20200810 13:46:30.948"></status>
</kw>
<kw name="Forecast Page Should Be Open" library="KeywordsForecast">
<kw name="Location Should Contain" library="SeleniumLibrary">
<doc>Verifies that the current URL contains ``expected``.</doc>
<arguments>
<arg>https://www.metoffice.gov.uk/weather/forecast/gcj8q101t</arg>
</arguments>
<msg timestamp="20200810 13:46:31.029" level="INFO">Current location contains 'https://www.metoffice.gov.uk/weather/forecast/gcj8q101t'.</msg>
<status status="PASS" starttime="20200810 13:46:30.949" endtime="20200810 13:46:31.029"></status>
</kw>
<kw name="Title Should Be" library="SeleniumLibrary">
<doc>Verifies that the current page title equals ``title``.</doc>
<arguments>
<arg>Sidmouth - Jacobs Ladder (Beach) (Devon) weather - Met Office</arg>
</arguments>
<msg timestamp="20200810 13:46:31.139" level="INFO">Page title is 'Sidmouth - Jacobs Ladder (Beach) (Devon) weather - Met Office'.</msg>
<status status="PASS" starttime="20200810 13:46:31.029" endtime="20200810 13:46:31.139"></status>
</kw>
<status status="PASS" starttime="20200810 13:46:30.948" endtime="20200810 13:46:31.139"></status>
</kw>
<kw name="Finish TestCase" library="KeywordsForecast" type="teardown">
<kw name="Close All Browsers" library="SeleniumLibrary">
<doc>Closes all open browsers and resets the browser cache.</doc>
<status status="PASS" starttime="20200810 13:46:31.141" endtime="20200810 13:46:33.738"></status>
</kw>
<status status="PASS" starttime="20200810 13:46:31.140" endtime="20200810 13:46:33.738"></status>
</kw>
<tags>
<tag>Functional Tests - Forecast</tag>
</tags>
<status status="PASS" starttime="20200810 13:46:20.840" endtime="20200810 13:46:33.739" critical="yes"></status>
</test>
<test id="s1-t2" name="TC2: 7 days of forecasts should be shown on the forecast page">
<kw name="Start TestCase" library="Common" type="setup">
<kw name="Open Browser" library="SeleniumLibrary">
<doc>Opens a new browser instance to the optional ``url``.</doc>
<arguments>
<arg>https://www.metoffice.gov.uk/</arg>
<arg>chrome</arg>
</arguments>
<msg timestamp="20200810 13:46:33.742" level="INFO">Opening browser 'chrome' to base url 'https://www.metoffice.gov.uk/'.</msg>
<status status="PASS" starttime="20200810 13:46:33.742" endtime="20200810 13:46:39.091"></status>
</kw>
<kw name="Maximize Browser Window" library="SeleniumLibrary">
<doc>Maximizes current browser window.</doc>
<status status="PASS" starttime="20200810 13:46:39.092" endtime="20200810 13:46:41.276"></status>
</kw>
<kw name="Click Button" library="SeleniumLibrary">
<doc>Clicks the button identified by ``locator``.</doc>
<arguments>
<arg>${HPCookiesDisclaimerBtn}</arg>
</arguments>
<msg timestamp="20200810 13:46:41.277" level="INFO">Clicking button 'xpath://html/body/section/div/div/div[2]/div[1]/button'.</msg>
<status status="PASS" starttime="20200810 13:46:41.277" endtime="20200810 13:46:41.540"></status>
</kw>
<status status="PASS" starttime="20200810 13:46:33.742" endtime="20200810 13:46:41.540"></status>
</kw>
<kw name="Select Search Text Box" library="KeywordsForecast">
<kw name="Click Element" library="SeleniumLibrary">
<doc>Click the element identified by ``locator``.</doc>
<arguments>
<arg>${HPSearchTextBox}</arg>
</arguments>
<msg timestamp="20200810 13:46:41.541" level="INFO">Clicking element 'xpath://input[@id='location-search-input']'.</msg>
<status status="PASS" starttime="20200810 13:46:41.541" endtime="20200810 13:46:41.949"></status>
</kw>
<status status="PASS" starttime="20200810 13:46:41.540" endtime="20200810 13:46:41.949"></status>
</kw>
<kw name="Enter Search Term" library="KeywordsForecast">
<arguments>
<arg>${searchterm}</arg>
</arguments>
<kw name="Wait Until Page Contains Element" library="SeleniumLibrary">
<doc>Waits until the element ``locator`` appears on the current page.</doc>
<arguments>
<arg>${HPSearchTextBox}</arg>
</arguments>
<status status="PASS" starttime="20200810 13:46:41.951" endtime="20200810 13:46:41.964"></status>
</kw>
<kw name="Input Text" library="SeleniumLibrary">
<doc>Types the given ``text`` into the text field identified by ``locator``.</doc>
<arguments>
<arg>${HPSearchTextBox}</arg>
<arg>${searchterm}</arg>
</arguments>
<msg timestamp="20200810 13:46:41.965" level="INFO">Typing text 'jacobs ladder' into text field 'xpath://input[@id='location-search-input']'.</msg>
<status status="PASS" starttime="20200810 13:46:41.964" endtime="20200810 13:46:42.126"></status>
</kw>
<status status="PASS" starttime="20200810 13:46:41.950" endtime="20200810 13:46:42.126"></status>
</kw>
<kw name="Click Search" library="KeywordsForecast">
<kw name="Click Element" library="SeleniumLibrary">
<doc>Click the element identified by ``locator``.</doc>
<arguments>
<arg>${HPSearchButton}</arg>
</arguments>
<msg timestamp="20200810 13:46:42.128" level="INFO">Clicking element 'xpath://button[@id='location-search-submit']//span[@class='icon'][contains(text(),'Search')]'.</msg>
<status status="PASS" starttime="20200810 13:46:42.128" endtime="20200810 13:46:43.220"></status>
</kw>
<status status="PASS" starttime="20200810 13:46:42.127" endtime="20200810 13:46:43.220"></status>
</kw>
<kw name="Validate 7 days of forecast" library="KeywordsForecast">
<kw name="Click Element" library="SeleniumLibrary">
<doc>Click the element identified by ``locator``.</doc>
<arguments>
<arg>${FPDay2}</arg>
</arguments>
<msg timestamp="20200810 13:46:43.221" level="INFO">Clicking element 'xpath://li[@id='tabDay1']//a[1]'.</msg>
<status status="PASS" starttime="20200810 13:46:43.221" endtime="20200810 13:46:43.814"></status>
</kw>
<kw name="Click Element" library="SeleniumLibrary">
<doc>Click the element identified by ``locator``.</doc>
<arguments>
<arg>${FPDay3}</arg>
</arguments>
<msg timestamp="20200810 13:46:43.815" level="INFO">Clicking element 'xpath://li[@id='tabDay2']//a[1]'.</msg>
<status status="PASS" starttime="20200810 13:46:43.814" endtime="20200810 13:46:44.599"></status>
</kw>
<kw name="Click Element" library="SeleniumLibrary">
<doc>Click the element identified by ``locator``.</doc>
<arguments>
<arg>${FPDay4}</arg>
</arguments>
<msg timestamp="20200810 13:46:44.600" level="INFO">Clicking element 'xpath://li[@id='tabDay3']//a[1]'.</msg>
<status status="PASS" starttime="20200810 13:46:44.599" endtime="20200810 13:46:45.860"></status>
</kw>
<kw name="Click Element" library="SeleniumLibrary">
<doc>Click the element identified by ``locator``.</doc>
<arguments>
<arg>${FPDay5}</arg>
</arguments>
<msg timestamp="20200810 13:46:45.861" level="INFO">Clicking element 'xpath://li[@id='tabDay4']//a[1]'.</msg>
<status status="PASS" starttime="20200810 13:46:45.860" endtime="20200810 13:46:46.123"></status>
</kw>
<kw name="Click Element" library="SeleniumLibrary">
<doc>Click the element identified by ``locator``.</doc>
<arguments>
<arg>${FPDay6}</arg>
</arguments>
<msg timestamp="20200810 13:46:46.124" level="INFO">Clicking element 'xpath://li[@id='tabDay5']//a[1]'.</msg>
<status status="PASS" starttime="20200810 13:46:46.123" endtime="20200810 13:46:46.415"></status>
</kw>
<kw name="Click Element" library="SeleniumLibrary">
<doc>Click the element identified by ``locator``.</doc>
<arguments>
<arg>${FPDay7}</arg>
</arguments>
<msg timestamp="20200810 13:46:46.416" level="INFO">Clicking element 'xpath://li[@id='tabDay6']//a[1]'.</msg>
<status status="PASS" starttime="20200810 13:46:46.415" endtime="20200810 13:46:46.539"></status>
</kw>
<status status="PASS" starttime="20200810 13:46:43.220" endtime="20200810 13:46:46.539"></status>
</kw>
<kw name="Finish TestCase" library="KeywordsForecast" type="teardown">
<kw name="Close All Browsers" library="SeleniumLibrary">
<doc>Closes all open browsers and resets the browser cache.</doc>
<status status="PASS" starttime="20200810 13:46:46.545" endtime="20200810 13:46:50.165"></status>
</kw>
<status status="PASS" starttime="20200810 13:46:46.543" endtime="20200810 13:46:50.165"></status>
</kw>
<tags>
<tag>Functional Tests - Forecast</tag>
</tags>
<status status="PASS" starttime="20200810 13:46:33.740" endtime="20200810 13:46:50.166" critical="yes"></status>
</test>
<test id="s1-t3" name="TC3: There should be a forecast for South West England on the forecast page">
<kw name="Start TestCase" library="Common" type="setup">
<kw name="Open Browser" library="SeleniumLibrary">
<doc>Opens a new browser instance to the optional ``url``.</doc>
<arguments>
<arg>https://www.metoffice.gov.uk/</arg>
<arg>chrome</arg>
</arguments>
<msg timestamp="20200810 13:46:50.169" level="INFO">Opening browser 'chrome' to base url 'https://www.metoffice.gov.uk/'.</msg>
<status status="PASS" starttime="20200810 13:46:50.169" endtime="20200810 13:46:55.035"></status>
</kw>
<kw name="Maximize Browser Window" library="SeleniumLibrary">
<doc>Maximizes current browser window.</doc>
<status status="PASS" starttime="20200810 13:46:55.035" endtime="20200810 13:46:57.224"></status>
</kw>
<kw name="Click Button" library="SeleniumLibrary">
<doc>Clicks the button identified by ``locator``.</doc>
<arguments>
<arg>${HPCookiesDisclaimerBtn}</arg>
</arguments>
<msg timestamp="20200810 13:46:57.225" level="INFO">Clicking button 'xpath://html/body/section/div/div/div[2]/div[1]/button'.</msg>
<status status="PASS" starttime="20200810 13:46:57.224" endtime="20200810 13:46:57.529"></status>
</kw>
<status status="PASS" starttime="20200810 13:46:50.169" endtime="20200810 13:46:57.530"></status>
</kw>
<kw name="Select Search Text Box" library="KeywordsForecast">
<kw name="Click Element" library="SeleniumLibrary">
<doc>Click the element identified by ``locator``.</doc>
<arguments>
<arg>${HPSearchTextBox}</arg>
</arguments>
<msg timestamp="20200810 13:46:57.535" level="INFO">Clicking element 'xpath://input[@id='location-search-input']'.</msg>
<status status="PASS" starttime="20200810 13:46:57.534" endtime="20200810 13:46:57.936"></status>
</kw>
<status status="PASS" starttime="20200810 13:46:57.532" endtime="20200810 13:46:57.936"></status>
</kw>
<kw name="Enter Search Term" library="KeywordsForecast">
<arguments>
<arg>${searchterm}</arg>
</arguments>
<kw name="Wait Until Page Contains Element" library="SeleniumLibrary">
<doc>Waits until the element ``locator`` appears on the current page.</doc>
<arguments>
<arg>${HPSearchTextBox}</arg>
</arguments>
<status status="PASS" starttime="20200810 13:46:57.938" endtime="20200810 13:46:57.956"></status>
</kw>
<kw name="Input Text" library="SeleniumLibrary">
<doc>Types the given ``text`` into the text field identified by ``locator``.</doc>
<arguments>
<arg>${HPSearchTextBox}</arg>
<arg>${searchterm}</arg>
</arguments>
<msg timestamp="20200810 13:46:57.957" level="INFO">Typing text 'jacobs ladder' into text field 'xpath://input[@id='location-search-input']'.</msg>
<status status="PASS" starttime="20200810 13:46:57.957" endtime="20200810 13:46:58.193"></status>
</kw>
<status status="PASS" starttime="20200810 13:46:57.937" endtime="20200810 13:46:58.193"></status>
</kw>
<kw name="Click Search" library="KeywordsForecast">
<kw name="Click Element" library="SeleniumLibrary">
<doc>Click the element identified by ``locator``.</doc>
<arguments>
<arg>${HPSearchButton}</arg>
</arguments>
<msg timestamp="20200810 13:46:58.195" level="INFO">Clicking element 'xpath://button[@id='location-search-submit']//span[@class='icon'][contains(text(),'Search')]'.</msg>
<status status="PASS" starttime="20200810 13:46:58.195" endtime="20200810 13:46:59.528"></status>
</kw>
<status status="PASS" starttime="20200810 13:46:58.194" endtime="20200810 13:46:59.528"></status>
</kw>
<kw name="Check for regional forecast" library="KeywordsForecast">
<arguments>
<arg>${enterregionname}</arg>
</arguments>
<kw name="Element Should Contain" library="SeleniumLibrary">
<doc>Verifies that element ``locator`` contains text ``expected``.</doc>
<arguments>
<arg>${FPRegionalForecast}</arg>
<arg>${region}</arg>
</arguments>
<msg timestamp="20200810 13:46:59.724" level="INFO">Element 'xpath://*[@id='five-day-forecast']' contains text 'South West England'.</msg>
<status status="PASS" starttime="20200810 13:46:59.532" endtime="20200810 13:46:59.724"></status>
</kw>
<status status="PASS" starttime="20200810 13:46:59.531" endtime="20200810 13:46:59.724"></status>
</kw>
<kw name="Finish TestCase" library="KeywordsForecast" type="teardown">
<kw name="Close All Browsers" library="SeleniumLibrary">
<doc>Closes all open browsers and resets the browser cache.</doc>
<status status="PASS" starttime="20200810 13:46:59.726" endtime="20200810 13:47:02.085"></status>
</kw>
<status status="PASS" starttime="20200810 13:46:59.725" endtime="20200810 13:47:02.085"></status>
</kw>
<tags>
<tag>Functional Tests - Forecast</tag>
</tags>
<status status="PASS" starttime="20200810 13:46:50.167" endtime="20200810 13:47:02.086" critical="yes"></status>
</test>
<test id="s1-t4" name="TC4: There should be a beach forecast available for Jacobs Ladder">
<kw name="Start TestCase" library="Common" type="setup">
<kw name="Open Browser" library="SeleniumLibrary">
<doc>Opens a new browser instance to the optional ``url``.</doc>
<arguments>
<arg>https://www.metoffice.gov.uk/</arg>
<arg>chrome</arg>
</arguments>
<msg timestamp="20200810 13:47:02.088" level="INFO">Opening browser 'chrome' to base url 'https://www.metoffice.gov.uk/'.</msg>
<status status="PASS" starttime="20200810 13:47:02.088" endtime="20200810 13:47:07.281"></status>
</kw>
<kw name="Maximize Browser Window" library="SeleniumLibrary">
<doc>Maximizes current browser window.</doc>
<status status="PASS" starttime="20200810 13:47:07.281" endtime="20200810 13:47:09.460"></status>
</kw>
<kw name="Click Button" library="SeleniumLibrary">
<doc>Clicks the button identified by ``locator``.</doc>
<arguments>
<arg>${HPCookiesDisclaimerBtn}</arg>
</arguments>
<msg timestamp="20200810 13:47:09.461" level="INFO">Clicking button 'xpath://html/body/section/div/div/div[2]/div[1]/button'.</msg>
<status status="PASS" starttime="20200810 13:47:09.460" endtime="20200810 13:47:09.733"></status>
</kw>
<status status="PASS" starttime="20200810 13:47:02.088" endtime="20200810 13:47:09.733"></status>
</kw>
<kw name="Select Search Text Box" library="KeywordsForecast">
<kw name="Click Element" library="SeleniumLibrary">
<doc>Click the element identified by ``locator``.</doc>
<arguments>
<arg>${HPSearchTextBox}</arg>
</arguments>
<msg timestamp="20200810 13:47:09.735" level="INFO">Clicking element 'xpath://input[@id='location-search-input']'.</msg>
<status status="PASS" starttime="20200810 13:47:09.735" endtime="20200810 13:47:10.146"></status>
</kw>
<status status="PASS" starttime="20200810 13:47:09.734" endtime="20200810 13:47:10.146"></status>
</kw>
<kw name="Enter Search Term" library="KeywordsForecast">
<arguments>
<arg>${searchterm}</arg>
</arguments>
<kw name="Wait Until Page Contains Element" library="SeleniumLibrary">
<doc>Waits until the element ``locator`` appears on the current page.</doc>
<arguments>
<arg>${HPSearchTextBox}</arg>
</arguments>
<status status="PASS" starttime="20200810 13:47:10.148" endtime="20200810 13:47:10.163"></status>
</kw>
<kw name="Input Text" library="SeleniumLibrary">
<doc>Types the given ``text`` into the text field identified by ``locator``.</doc>
<arguments>
<arg>${HPSearchTextBox}</arg>
<arg>${searchterm}</arg>
</arguments>
<msg timestamp="20200810 13:47:10.164" level="INFO">Typing text 'jacobs ladder' into text field 'xpath://input[@id='location-search-input']'.</msg>
<status status="PASS" starttime="20200810 13:47:10.163" endtime="20200810 13:47:10.329"></status>
</kw>
<status status="PASS" starttime="20200810 13:47:10.147" endtime="20200810 13:47:10.330"></status>
</kw>
<kw name="Click Search" library="KeywordsForecast">
<kw name="Click Element" library="SeleniumLibrary">
<doc>Click the element identified by ``locator``.</doc>
<arguments>
<arg>${HPSearchButton}</arg>
</arguments>
<msg timestamp="20200810 13:47:10.331" level="INFO">Clicking element 'xpath://button[@id='location-search-submit']//span[@class='icon'][contains(text(),'Search')]'.</msg>
<status status="PASS" starttime="20200810 13:47:10.330" endtime="20200810 13:47:11.408"></status>
</kw>
<status status="PASS" starttime="20200810 13:47:10.330" endtime="20200810 13:47:11.409"></status>
</kw>
<kw name="Check for beach forecast" library="KeywordsForecast">
<kw name="Element Should Contain" library="SeleniumLibrary">
<doc>Verifies that element ``locator`` contains text ``expected``.</doc>
<arguments>
<arg>${FPBeachForecastHeader}</arg>
<arg>Beach forecast and tide times</arg>
</arguments>
<msg timestamp="20200810 13:47:11.512" level="INFO">Element 'xpath://main[@id='content']/div[4]/div[1]/div[1]/div[1]/a[1]/div[1]/h2[1]' contains text 'Beach forecast and tide times'.</msg>
<status status="PASS" starttime="20200810 13:47:11.411" endtime="20200810 13:47:11.512"></status>
</kw>
<kw name="Element Should Contain" library="SeleniumLibrary">
<doc>Verifies that element ``locator`` contains text ``expected``.</doc>
<arguments>
<arg>${FPBeachForecastLocation}</arg>
<arg>Sidmouth - Jacobs Ladder (Beach)</arg>
</arguments>
<msg timestamp="20200810 13:47:11.773" level="INFO">Element 'xpath://div[@class='detail']//h3' contains text 'Sidmouth - Jacobs Ladder (Beach)'.</msg>
<status status="PASS" starttime="20200810 13:47:11.512" endtime="20200810 13:47:11.773"></status>
</kw>
<kw name="Element Should Contain" library="SeleniumLibrary">
<doc>Verifies that element ``locator`` contains text ``expected``.</doc>
<arguments>
<arg>${FPWindForecast}</arg>
<arg>Wind</arg>
</arguments>
<msg timestamp="20200810 13:47:11.998" level="INFO">Element 'css:div.grid-3-col div.col-2 div.content-container:nth-child(2) div.beach-preview a:nth-child(1) div.detail div.items:nth-child(4) &gt; div:nth-child(1)' contains text 'Wind'.</msg>
<status status="PASS" starttime="20200810 13:47:11.774" endtime="20200810 13:47:11.998"></status>
</kw>
<kw name="Element Should Contain" library="SeleniumLibrary">
<doc>Verifies that element ``locator`` contains text ``expected``.</doc>
<arguments>
<arg>${FPTideForecast}</arg>
<arg>Tide</arg>
</arguments>
<msg timestamp="20200810 13:47:12.042" level="INFO">Element 'css:div.grid-3-col div.col-2 div.content-container:nth-child(2) div.beach-preview a:nth-child(1) div.detail div.items:nth-child(4) &gt; div:nth-child(2)' contains text 'Tide'.</msg>
<status status="PASS" starttime="20200810 13:47:11.998" endtime="20200810 13:47:12.042"></status>
</kw>
<status status="PASS" starttime="20200810 13:47:11.410" endtime="20200810 13:47:12.042"></status>
</kw>
<kw name="Finish TestCase" library="KeywordsForecast" type="teardown">
<kw name="Close All Browsers" library="SeleniumLibrary">
<doc>Closes all open browsers and resets the browser cache.</doc>
<status status="PASS" starttime="20200810 13:47:12.044" endtime="20200810 13:47:14.443"></status>
</kw>
<status status="PASS" starttime="20200810 13:47:12.043" endtime="20200810 13:47:14.443"></status>
</kw>
<tags>
<tag>Functional Tests - Forecast</tag>
</tags>
<status status="PASS" starttime="20200810 13:47:02.087" endtime="20200810 13:47:14.444" critical="yes"></status>
</test>
<test id="s1-t5" name="TC5: There should not be a beach forecast for Sidmouth">
<kw name="Start TestCase" library="Common" type="setup">
<kw name="Open Browser" library="SeleniumLibrary">
<doc>Opens a new browser instance to the optional ``url``.</doc>
<arguments>
<arg>https://www.metoffice.gov.uk/</arg>
<arg>chrome</arg>
</arguments>
<msg timestamp="20200810 13:47:14.448" level="INFO">Opening browser 'chrome' to base url 'https://www.metoffice.gov.uk/'.</msg>
<status status="PASS" starttime="20200810 13:47:14.447" endtime="20200810 13:47:19.763"></status>
</kw>
<kw name="Maximize Browser Window" library="SeleniumLibrary">
<doc>Maximizes current browser window.</doc>
<status status="PASS" starttime="20200810 13:47:19.764" endtime="20200810 13:47:21.959"></status>
</kw>
<kw name="Click Button" library="SeleniumLibrary">
<doc>Clicks the button identified by ``locator``.</doc>
<arguments>
<arg>${HPCookiesDisclaimerBtn}</arg>
</arguments>
<msg timestamp="20200810 13:47:21.960" level="INFO">Clicking button 'xpath://html/body/section/div/div/div[2]/div[1]/button'.</msg>
<status status="PASS" starttime="20200810 13:47:21.959" endtime="20200810 13:47:22.251"></status>
</kw>
<status status="PASS" starttime="20200810 13:47:14.447" endtime="20200810 13:47:22.251"></status>
</kw>
<kw name="Select Search Text Box" library="KeywordsForecast">
<kw name="Click Element" library="SeleniumLibrary">
<doc>Click the element identified by ``locator``.</doc>
<arguments>
<arg>${HPSearchTextBox}</arg>
</arguments>
<msg timestamp="20200810 13:47:22.252" level="INFO">Clicking element 'xpath://input[@id='location-search-input']'.</msg>
<status status="PASS" starttime="20200810 13:47:22.252" endtime="20200810 13:47:22.623"></status>
</kw>
<status status="PASS" starttime="20200810 13:47:22.252" endtime="20200810 13:47:22.624"></status>
</kw>
<kw name="Enter Search Term" library="KeywordsForecast">
<arguments>
<arg>${searchterm2}</arg>
</arguments>
<kw name="Wait Until Page Contains Element" library="SeleniumLibrary">
<doc>Waits until the element ``locator`` appears on the current page.</doc>
<arguments>
<arg>${HPSearchTextBox}</arg>
</arguments>
<status status="PASS" starttime="20200810 13:47:22.627" endtime="20200810 13:47:22.644"></status>
</kw>
<kw name="Input Text" library="SeleniumLibrary">
<doc>Types the given ``text`` into the text field identified by ``locator``.</doc>
<arguments>
<arg>${HPSearchTextBox}</arg>
<arg>${searchterm}</arg>
</arguments>
<msg timestamp="20200810 13:47:22.645" level="INFO">Typing text 'Sidmouth' into text field 'xpath://input[@id='location-search-input']'.</msg>
<status status="PASS" starttime="20200810 13:47:22.644" endtime="20200810 13:47:22.746"></status>
</kw>
<status status="PASS" starttime="20200810 13:47:22.625" endtime="20200810 13:47:22.746"></status>
</kw>
<kw name="Click Search" library="KeywordsForecast">
<kw name="Click Element" library="SeleniumLibrary">
<doc>Click the element identified by ``locator``.</doc>
<arguments>
<arg>${HPSearchButton}</arg>
</arguments>
<msg timestamp="20200810 13:47:22.751" level="INFO">Clicking element 'xpath://button[@id='location-search-submit']//span[@class='icon'][contains(text(),'Search')]'.</msg>
<status status="PASS" starttime="20200810 13:47:22.751" endtime="20200810 13:47:24.168"></status>
</kw>
<status status="PASS" starttime="20200810 13:47:22.750" endtime="20200810 13:47:24.168"></status>
</kw>
<kw name="Check for NO beach forecast" library="KeywordsForecast">
<kw name="Wait Until Page Contains Element" library="SeleniumLibrary">
<doc>Waits until the element ``locator`` appears on the current page.</doc>
<arguments>
<arg>${FPRegionalForecast}</arg>
</arguments>
<status status="PASS" starttime="20200810 13:47:24.170" endtime="20200810 13:47:24.237"></status>
</kw>
<kw name="Page Should Not Contain" library="SeleniumLibrary">
<doc>Verifies the current page does not contain ``text``.</doc>
<arguments>
<arg>Beach forecast and tide times</arg>
</arguments>
<msg timestamp="20200810 13:47:29.369" level="INFO">Current page does not contain text 'Beach forecast and tide times'.</msg>
<status status="PASS" starttime="20200810 13:47:24.237" endtime="20200810 13:47:29.369"></status>
</kw>
<status status="PASS" starttime="20200810 13:47:24.169" endtime="20200810 13:47:29.370"></status>
</kw>
<kw name="Finish TestCase" library="KeywordsForecast" type="teardown">
<kw name="Close All Browsers" library="SeleniumLibrary">
<doc>Closes all open browsers and resets the browser cache.</doc>
<status status="PASS" starttime="20200810 13:47:29.371" endtime="20200810 13:47:31.725"></status>
</kw>
<status status="PASS" starttime="20200810 13:47:29.370" endtime="20200810 13:47:31.725"></status>
</kw>
<tags>
<tag>Functional Tests - Forecast</tag>
</tags>
<status status="PASS" starttime="20200810 13:47:14.446" endtime="20200810 13:47:31.725" critical="yes"></status>
</test>
<test id="s1-t6" name="TC6: GHERKIN - I can find the forecast for Jacobs Ladder beach in Sidmouth and be taken to the appropriate forecast page">
<kw name="Start TestCase" library="Common" type="setup">
<kw name="Open Browser" library="SeleniumLibrary">
<doc>Opens a new browser instance to the optional ``url``.</doc>
<arguments>
<arg>https://www.metoffice.gov.uk/</arg>
<arg>chrome</arg>
</arguments>
<msg timestamp="20200810 13:47:31.728" level="INFO">Opening browser 'chrome' to base url 'https://www.metoffice.gov.uk/'.</msg>
<status status="PASS" starttime="20200810 13:47:31.728" endtime="20200810 13:47:37.021"></status>
</kw>
<kw name="Maximize Browser Window" library="SeleniumLibrary">
<doc>Maximizes current browser window.</doc>
<status status="PASS" starttime="20200810 13:47:37.022" endtime="20200810 13:47:39.224"></status>
</kw>
<kw name="Click Button" library="SeleniumLibrary">
<doc>Clicks the button identified by ``locator``.</doc>
<arguments>
<arg>${HPCookiesDisclaimerBtn}</arg>
</arguments>
<msg timestamp="20200810 13:47:39.224" level="INFO">Clicking button 'xpath://html/body/section/div/div/div[2]/div[1]/button'.</msg>
<status status="PASS" starttime="20200810 13:47:39.224" endtime="20200810 13:47:39.553"></status>
</kw>
<status status="PASS" starttime="20200810 13:47:31.728" endtime="20200810 13:47:39.553"></status>
</kw>
<kw name="Given browser is opened to homepage" library="KeywordsForecast">
<kw name="Wait Until Page Contains Element" library="SeleniumLibrary">
<doc>Waits until the element ``locator`` appears on the current page.</doc>
<arguments>
<arg>${HPSearchTextBox}</arg>
</arguments>
<status status="PASS" starttime="20200810 13:47:39.554" endtime="20200810 13:47:39.569"></status>
</kw>
<kw name="Click Element" library="SeleniumLibrary">
<doc>Click the element identified by ``locator``.</doc>
<arguments>
<arg>${HPSearchTextBox}</arg>
</arguments>
<msg timestamp="20200810 13:47:39.570" level="INFO">Clicking element 'xpath://input[@id='location-search-input']'.</msg>
<status status="PASS" starttime="20200810 13:47:39.570" endtime="20200810 13:47:39.956"></status>
</kw>
<status status="PASS" starttime="20200810 13:47:39.554" endtime="20200810 13:47:39.956"></status>
</kw>
<kw name="When user searches for the place named &quot;${placename}&quot;" library="KeywordsForecast">
<kw name="Wait Until Page Contains Element" library="SeleniumLibrary">
<doc>Waits until the element ``locator`` appears on the current page.</doc>
<arguments>
<arg>${HPSearchTextBox}</arg>
</arguments>
<status status="PASS" starttime="20200810 13:47:39.958" endtime="20200810 13:47:39.974"></status>
</kw>
<kw name="Input Text" library="SeleniumLibrary">
<doc>Types the given ``text`` into the text field identified by ``locator``.</doc>
<arguments>
<arg>${HPSearchTextBox}</arg>
<arg>${placename}</arg>
</arguments>
<msg timestamp="20200810 13:47:39.975" level="INFO">Typing text 'jacobs ladder' into text field 'xpath://input[@id='location-search-input']'.</msg>
<status status="PASS" starttime="20200810 13:47:39.975" endtime="20200810 13:47:40.198"></status>
</kw>
<kw name="Click Element" library="SeleniumLibrary">
<doc>Click the element identified by ``locator``.</doc>
<arguments>
<arg>${HPSearchButton}</arg>
</arguments>
<msg timestamp="20200810 13:47:40.199" level="INFO">Clicking element 'xpath://button[@id='location-search-submit']//span[@class='icon'][contains(text(),'Search')]'.</msg>
<status status="PASS" starttime="20200810 13:47:40.198" endtime="20200810 13:47:41.359"></status>
</kw>
<status status="PASS" starttime="20200810 13:47:39.957" endtime="20200810 13:47:41.359"></status>
</kw>
<kw name="Then forecast page should be open" library="KeywordsForecast">
<kw name="Location Should Contain" library="SeleniumLibrary">
<doc>Verifies that the current URL contains ``expected``.</doc>
<arguments>
<arg>https://www.metoffice.gov.uk/weather/forecast/gcj8q101t</arg>
</arguments>
<msg timestamp="20200810 13:47:41.416" level="INFO">Current location contains 'https://www.metoffice.gov.uk/weather/forecast/gcj8q101t'.</msg>
<status status="PASS" starttime="20200810 13:47:41.367" endtime="20200810 13:47:41.416"></status>
</kw>
<kw name="Title Should Be" library="SeleniumLibrary">
<doc>Verifies that the current page title equals ``title``.</doc>
<arguments>
<arg>Sidmouth - Jacobs Ladder (Beach) (Devon) weather - Met Office</arg>
</arguments>
<msg timestamp="20200810 13:47:41.470" level="INFO">Page title is 'Sidmouth - Jacobs Ladder (Beach) (Devon) weather - Met Office'.</msg>
<status status="PASS" starttime="20200810 13:47:41.416" endtime="20200810 13:47:41.470"></status>
</kw>
<status status="PASS" starttime="20200810 13:47:41.366" endtime="20200810 13:47:41.471"></status>
</kw>
<kw name="Finish TestCase" library="KeywordsForecast" type="teardown">
<kw name="Close All Browsers" library="SeleniumLibrary">
<doc>Closes all open browsers and resets the browser cache.</doc>
<status status="PASS" starttime="20200810 13:47:41.472" endtime="20200810 13:47:43.794"></status>
</kw>
<status status="PASS" starttime="20200810 13:47:41.472" endtime="20200810 13:47:43.794"></status>
</kw>
<tags>
<tag>Demo - Gherkin Syntax</tag>
</tags>
<status status="PASS" starttime="20200810 13:47:31.727" endtime="20200810 13:47:43.795" critical="yes"></status>
</test>
<test id="s1-t7" name="TC7: THIS TEST CASE WILL FAIL - 7 days of forecasts should be shown on the forecast page">
<kw name="Start TestCase" library="Common" type="setup">
<kw name="Open Browser" library="SeleniumLibrary">
<doc>Opens a new browser instance to the optional ``url``.</doc>
<arguments>
<arg>https://www.metoffice.gov.uk/</arg>
<arg>chrome</arg>
</arguments>
<msg timestamp="20200810 13:47:43.797" level="INFO">Opening browser 'chrome' to base url 'https://www.metoffice.gov.uk/'.</msg>
<status status="PASS" starttime="20200810 13:47:43.797" endtime="20200810 13:47:49.124"></status>
</kw>
<kw name="Maximize Browser Window" library="SeleniumLibrary">
<doc>Maximizes current browser window.</doc>
<status status="PASS" starttime="20200810 13:47:49.124" endtime="20200810 13:47:51.306"></status>
</kw>
<kw name="Click Button" library="SeleniumLibrary">
<doc>Clicks the button identified by ``locator``.</doc>
<arguments>
<arg>${HPCookiesDisclaimerBtn}</arg>
</arguments>
<msg timestamp="20200810 13:47:51.307" level="INFO">Clicking button 'xpath://html/body/section/div/div/div[2]/div[1]/button'.</msg>
<status status="PASS" starttime="20200810 13:47:51.307" endtime="20200810 13:47:51.658"></status>
</kw>
<status status="PASS" starttime="20200810 13:47:43.797" endtime="20200810 13:47:51.659"></status>
</kw>
<kw name="Select Search Text Box" library="KeywordsForecast">
<kw name="Click Element" library="SeleniumLibrary">
<doc>Click the element identified by ``locator``.</doc>
<arguments>
<arg>${HPSearchTextBox}</arg>
</arguments>
<msg timestamp="20200810 13:47:51.665" level="INFO">Clicking element 'xpath://input[@id='location-search-input']'.</msg>
<status status="PASS" starttime="20200810 13:47:51.664" endtime="20200810 13:47:51.948"></status>
</kw>
<status status="PASS" starttime="20200810 13:47:51.663" endtime="20200810 13:47:51.949"></status>
</kw>
<kw name="Enter Search Term" library="KeywordsForecast">
<arguments>
<arg>${searchterm}</arg>
</arguments>
<kw name="Wait Until Page Contains Element" library="SeleniumLibrary">
<doc>Waits until the element ``locator`` appears on the current page.</doc>
<arguments>
<arg>${HPSearchTextBox}</arg>
</arguments>
<status status="PASS" starttime="20200810 13:47:51.950" endtime="20200810 13:47:51.966"></status>
</kw>
<kw name="Input Text" library="SeleniumLibrary">
<doc>Types the given ``text`` into the text field identified by ``locator``.</doc>
<arguments>
<arg>${HPSearchTextBox}</arg>
<arg>${searchterm}</arg>
</arguments>
<msg timestamp="20200810 13:47:51.967" level="INFO">Typing text 'jacobs ladder' into text field 'xpath://input[@id='location-search-input']'.</msg>
<status status="PASS" starttime="20200810 13:47:51.966" endtime="20200810 13:47:52.117"></status>
</kw>
<status status="PASS" starttime="20200810 13:47:51.949" endtime="20200810 13:47:52.117"></status>
</kw>
<kw name="Click Search" library="KeywordsForecast">
<kw name="Click Element" library="SeleniumLibrary">
<doc>Click the element identified by ``locator``.</doc>
<arguments>
<arg>${HPSearchButton}</arg>
</arguments>
<msg timestamp="20200810 13:47:52.127" level="INFO">Clicking element 'xpath://button[@id='location-search-submit']//span[@class='icon'][contains(text(),'Search')]'.</msg>
<status status="PASS" starttime="20200810 13:47:52.127" endtime="20200810 13:47:53.372"></status>
</kw>
<status status="PASS" starttime="20200810 13:47:52.126" endtime="20200810 13:47:53.373"></status>
</kw>
<kw name="FAIL Validate 7 days of forecast" library="KeywordsForecast">
<kw name="Click Element" library="SeleniumLibrary">
<doc>Click the element identified by ``locator``.</doc>
<arguments>
<arg>${FPDay2}</arg>
</arguments>
<msg timestamp="20200810 13:47:53.376" level="INFO">Clicking element 'xpath://li[@id='tabDay1']//a[1]'.</msg>
<status status="PASS" starttime="20200810 13:47:53.375" endtime="20200810 13:47:53.884"></status>
</kw>
<kw name="Click Element" library="SeleniumLibrary">
<doc>Click the element identified by ``locator``.</doc>
<arguments>
<arg>${FPDay3}</arg>
</arguments>
<msg timestamp="20200810 13:47:53.887" level="INFO">Clicking element 'xpath://li[@id='tabDay2']//a[1]'.</msg>
<status status="PASS" starttime="20200810 13:47:53.884" endtime="20200810 13:47:55.100"></status>
</kw>
<kw name="Click Element" library="SeleniumLibrary">
<doc>Click the element identified by ``locator``.</doc>
<arguments>
<arg>${FPDay4}</arg>
</arguments>
<msg timestamp="20200810 13:47:55.101" level="INFO">Clicking element 'xpath://li[@id='tabDay3']//a[1]'.</msg>
<status status="PASS" starttime="20200810 13:47:55.100" endtime="20200810 13:47:55.916"></status>
</kw>
<kw name="Click Element" library="SeleniumLibrary">
<doc>Click the element identified by ``locator``.</doc>
<arguments>
<arg>${FPDay5}</arg>
</arguments>
<msg timestamp="20200810 13:47:55.917" level="INFO">Clicking element 'xpath://li[@id='tabDay4']//a[1]'.</msg>
<status status="PASS" starttime="20200810 13:47:55.916" endtime="20200810 13:47:56.519"></status>
</kw>
<kw name="Click Element" library="SeleniumLibrary">
<doc>Click the element identified by ``locator``.</doc>
<arguments>
<arg>${FPDay6}</arg>
</arguments>
<msg timestamp="20200810 13:47:56.520" level="INFO">Clicking element 'xpath://li[@id='tabDay5']//a[1]'.</msg>
<status status="PASS" starttime="20200810 13:47:56.519" endtime="20200810 13:47:56.935"></status>
</kw>
<kw name="Click Element" library="SeleniumLibrary">
<doc>Click the element identified by ``locator``.</doc>
<arguments>
<arg>${FPDayFAIL}</arg>
</arguments>
<msg timestamp="20200810 13:47:56.936" level="INFO">Clicking element 'xpath://li[@id='tabDay7']//a[1]'.</msg>
<kw name="Capture Page Screenshot" library="SeleniumLibrary">
<doc>Takes a screenshot of the current page and embeds it into a log file.</doc>
<msg timestamp="20200810 13:47:58.698" level="INFO" html="yes">&lt;/td&gt;&lt;/tr&gt;&lt;tr&gt;&lt;td colspan="3"&gt;&lt;a href="selenium-screenshot-48.png"&gt;&lt;img src="selenium-screenshot-48.png" width="800px"&gt;&lt;/a&gt;</msg>
<status status="PASS" starttime="20200810 13:47:56.965" endtime="20200810 13:47:58.698"></status>
</kw>
<msg timestamp="20200810 13:47:58.702" level="FAIL">Element with locator 'xpath://li[@id='tabDay7']//a[1]' not found.</msg>
<status status="FAIL" starttime="20200810 13:47:56.935" endtime="20200810 13:47:58.702"></status>
</kw>
<status status="FAIL" starttime="20200810 13:47:53.375" endtime="20200810 13:47:58.703"></status>
</kw>
<kw name="Finish TestCase" library="KeywordsForecast" type="teardown">
<kw name="Close All Browsers" library="SeleniumLibrary">
<doc>Closes all open browsers and resets the browser cache.</doc>
<status status="PASS" starttime="20200810 13:47:58.704" endtime="20200810 13:48:01.249"></status>
</kw>
<status status="PASS" starttime="20200810 13:47:58.704" endtime="20200810 13:48:01.249"></status>
</kw>
<tags>
<tag>Demo - Failed Test</tag>
</tags>
<status status="FAIL" starttime="20200810 13:47:43.796" endtime="20200810 13:48:01.251" critical="yes">Element with locator 'xpath://li[@id='tabDay7']//a[1]' not found.</status>
</test>
<doc>Suite description</doc>
<status status="FAIL" starttime="20200810 13:46:20.584" endtime="20200810 13:48:01.253"></status>
</suite>
<statistics>
<total>
<stat pass="6" fail="1">Critical Tests</stat>
<stat pass="6" fail="1">All Tests</stat>
</total>
<tag>
<stat pass="0" fail="1">Demo - Failed Test</stat>
<stat pass="1" fail="0">Demo - Gherkin Syntax</stat>
<stat pass="5" fail="0">Functional Tests - Forecast</stat>
</tag>
<suite>
<stat pass="6" fail="1" id="s1" name="Metofficetestsuite">Metofficetestsuite</stat>
</suite>
</statistics>
<errors>
</errors>
</robot>
