<?xml version="1.0" encoding="UTF-8"?>
<robot generator="Robot 3.2.1 (Python 3.8.5 on win32)" generated="20200810 11:48:58.088" rpa="false">
<suite id="s1" name="MetOfficeTestSuite" source="C:\Users\Dale\PycharmProjects\MetOffice\Robot-Framework-MetOffice\TestCases\MetOfficeTestSuite.robot">
<test id="s1-t1" name="TC1: I can find the forecast for Jacobs Ladder beach in Sidmouth and be taken to the appropriate forecast page">
<kw name="Start TestCase" library="Common" type="setup">
<kw name="Open Browser" library="SeleniumLibrary">
<doc>Opens a new browser instance to the optional ``url``.</doc>
<arguments>
<arg>https://www.metoffice.gov.uk/</arg>
<arg>chrome</arg>
</arguments>
<msg timestamp="20200810 11:48:58.335" level="INFO">Opening browser 'chrome' to base url 'https://www.metoffice.gov.uk/'.</msg>
<status status="PASS" starttime="20200810 11:48:58.335" endtime="20200810 11:49:03.595"></status>
</kw>
<kw name="Maximize Browser Window" library="SeleniumLibrary">
<doc>Maximizes current browser window.</doc>
<status status="PASS" starttime="20200810 11:49:03.595" endtime="20200810 11:49:05.827"></status>
</kw>
<kw name="Click Button" library="SeleniumLibrary">
<doc>Clicks the button identified by ``locator``.</doc>
<arguments>
<arg>${HPCookiesDisclaimerBtn}</arg>
</arguments>
<msg timestamp="20200810 11:49:05.829" level="INFO">Clicking button 'xpath://html/body/section/div/div/div[2]/div[1]/button'.</msg>
<status status="PASS" starttime="20200810 11:49:05.828" endtime="20200810 11:49:06.180"></status>
</kw>
<status status="PASS" starttime="20200810 11:48:58.335" endtime="20200810 11:49:06.180"></status>
</kw>
<kw name="Select Search Text Box" library="KeywordsForecast">
<kw name="Click Element" library="SeleniumLibrary">
<doc>Click the element identified by ``locator``.</doc>
<arguments>
<arg>${HPSearchTextBox}</arg>
</arguments>
<msg timestamp="20200810 11:49:06.182" level="INFO">Clicking element 'xpath://input[@id='location-search-input']'.</msg>
<status status="PASS" starttime="20200810 11:49:06.181" endtime="20200810 11:49:06.577"></status>
</kw>
<status status="PASS" starttime="20200810 11:49:06.181" endtime="20200810 11:49:06.577"></status>
</kw>
<kw name="Enter Search Term" library="KeywordsForecast">
<arguments>
<arg>${searchterm}</arg>
</arguments>
<kw name="Input Text" library="SeleniumLibrary">
<doc>Types the given ``text`` into the text field identified by ``locator``.</doc>
<arguments>
<arg>${HPSearchTextBox}</arg>
<arg>${searchterm}</arg>
</arguments>
<msg timestamp="20200810 11:49:06.580" level="INFO">Typing text 'jacobs ladder' into text field 'xpath://input[@id='location-search-input']'.</msg>
<status status="PASS" starttime="20200810 11:49:06.579" endtime="20200810 11:49:06.752"></status>
</kw>
<status status="PASS" starttime="20200810 11:49:06.578" endtime="20200810 11:49:06.752"></status>
</kw>
<kw name="Click Search" library="KeywordsForecast">
<kw name="Click Element" library="SeleniumLibrary">
<doc>Click the element identified by ``locator``.</doc>
<arguments>
<arg>${HPSearchButton}</arg>
</arguments>
<msg timestamp="20200810 11:49:06.757" level="INFO">Clicking element 'xpath://button[@id='location-search-submit']//span[@class='icon'][contains(text(),'Search')]'.</msg>
<status status="PASS" starttime="20200810 11:49:06.757" endtime="20200810 11:49:07.884"></status>
</kw>
<status status="PASS" starttime="20200810 11:49:06.756" endtime="20200810 11:49:07.884"></status>
</kw>
<kw name="Forecast Page Should Be Open" library="KeywordsForecast">
<kw name="Location Should Contain" library="SeleniumLibrary">
<doc>Verifies that the current URL contains ``expected``.</doc>
<arguments>
<arg>https://www.metoffice.gov.uk/weather/forecast/gcj8q101t</arg>
</arguments>
<msg timestamp="20200810 11:49:07.948" level="INFO">Current location contains 'https://www.metoffice.gov.uk/weather/forecast/gcj8q101t'.</msg>
<status status="PASS" starttime="20200810 11:49:07.886" endtime="20200810 11:49:07.948"></status>
</kw>
<kw name="Title Should Be" library="SeleniumLibrary">
<doc>Verifies that the current page title equals ``title``.</doc>
<arguments>
<arg>Sidmouth - Jacobs Ladder (Beach) (Devon) weather - Met Office</arg>
</arguments>
<msg timestamp="20200810 11:49:08.014" level="INFO">Page title is 'Sidmouth - Jacobs Ladder (Beach) (Devon) weather - Met Office'.</msg>
<status status="PASS" starttime="20200810 11:49:07.948" endtime="20200810 11:49:08.014"></status>
</kw>
<status status="PASS" starttime="20200810 11:49:07.885" endtime="20200810 11:49:08.015"></status>
</kw>
<kw name="Finish TestCase" library="KeywordsForecast" type="teardown">
<kw name="Close All Browsers" library="SeleniumLibrary">
<doc>Closes all open browsers and resets the browser cache.</doc>
<status status="PASS" starttime="20200810 11:49:08.016" endtime="20200810 11:49:10.352"></status>
</kw>
<status status="PASS" starttime="20200810 11:49:08.015" endtime="20200810 11:49:10.352"></status>
</kw>
<status status="PASS" starttime="20200810 11:48:58.335" endtime="20200810 11:49:10.353" critical="yes"></status>
</test>
<test id="s1-t2" name="TC2: 7 days of forecasts should be shown on the forecast page">
<kw name="Start TestCase" library="Common" type="setup">
<kw name="Open Browser" library="SeleniumLibrary">
<doc>Opens a new browser instance to the optional ``url``.</doc>
<arguments>
<arg>https://www.metoffice.gov.uk/</arg>
<arg>chrome</arg>
</arguments>
<msg timestamp="20200810 11:49:10.355" level="INFO">Opening browser 'chrome' to base url 'https://www.metoffice.gov.uk/'.</msg>
<status status="PASS" starttime="20200810 11:49:10.355" endtime="20200810 11:49:15.835"></status>
</kw>
<kw name="Maximize Browser Window" library="SeleniumLibrary">
<doc>Maximizes current browser window.</doc>
<status status="PASS" starttime="20200810 11:49:15.835" endtime="20200810 11:49:18.033"></status>
</kw>
<kw name="Click Button" library="SeleniumLibrary">
<doc>Clicks the button identified by ``locator``.</doc>
<arguments>
<arg>${HPCookiesDisclaimerBtn}</arg>
</arguments>
<msg timestamp="20200810 11:49:18.034" level="INFO">Clicking button 'xpath://html/body/section/div/div/div[2]/div[1]/button'.</msg>
<status status="PASS" starttime="20200810 11:49:18.033" endtime="20200810 11:49:18.368"></status>
</kw>
<status status="PASS" starttime="20200810 11:49:10.355" endtime="20200810 11:49:18.368"></status>
</kw>
<kw name="Select Search Text Box" library="KeywordsForecast">
<kw name="Click Element" library="SeleniumLibrary">
<doc>Click the element identified by ``locator``.</doc>
<arguments>
<arg>${HPSearchTextBox}</arg>
</arguments>
<msg timestamp="20200810 11:49:18.370" level="INFO">Clicking element 'xpath://input[@id='location-search-input']'.</msg>
<status status="PASS" starttime="20200810 11:49:18.369" endtime="20200810 11:49:18.774"></status>
</kw>
<status status="PASS" starttime="20200810 11:49:18.368" endtime="20200810 11:49:18.774"></status>
</kw>
<kw name="Enter Search Term" library="KeywordsForecast">
<arguments>
<arg>${searchterm}</arg>
</arguments>
<kw name="Input Text" library="SeleniumLibrary">
<doc>Types the given ``text`` into the text field identified by ``locator``.</doc>
<arguments>
<arg>${HPSearchTextBox}</arg>
<arg>${searchterm}</arg>
</arguments>
<msg timestamp="20200810 11:49:18.776" level="INFO">Typing text 'jacobs ladder' into text field 'xpath://input[@id='location-search-input']'.</msg>
<status status="PASS" starttime="20200810 11:49:18.775" endtime="20200810 11:49:18.946"></status>
</kw>
<status status="PASS" starttime="20200810 11:49:18.775" endtime="20200810 11:49:18.946"></status>
</kw>
<kw name="Click Search" library="KeywordsForecast">
<kw name="Click Element" library="SeleniumLibrary">
<doc>Click the element identified by ``locator``.</doc>
<arguments>
<arg>${HPSearchButton}</arg>
</arguments>
<msg timestamp="20200810 11:49:18.948" level="INFO">Clicking element 'xpath://button[@id='location-search-submit']//span[@class='icon'][contains(text(),'Search')]'.</msg>
<status status="PASS" starttime="20200810 11:49:18.948" endtime="20200810 11:49:20.104"></status>
</kw>
<status status="PASS" starttime="20200810 11:49:18.947" endtime="20200810 11:49:20.105"></status>
</kw>
<kw name="Validate 7 days of forecast" library="KeywordsForecast">
<kw name="Click Element" library="SeleniumLibrary">
<doc>Click the element identified by ``locator``.</doc>
<arguments>
<arg>${FPDay2}</arg>
</arguments>
<msg timestamp="20200810 11:49:20.109" level="INFO">Clicking element 'xpath://li[@id='tabDay1']//a[1]'.</msg>
<status status="PASS" starttime="20200810 11:49:20.108" endtime="20200810 11:49:20.483"></status>
</kw>
<kw name="Click Element" library="SeleniumLibrary">
<doc>Click the element identified by ``locator``.</doc>
<arguments>
<arg>${FPDay3}</arg>
</arguments>
<msg timestamp="20200810 11:49:20.485" level="INFO">Clicking element 'xpath://li[@id='tabDay2']//a[1]'.</msg>
<status status="PASS" starttime="20200810 11:49:20.484" endtime="20200810 11:49:21.249"></status>
</kw>
<kw name="Click Element" library="SeleniumLibrary">
<doc>Click the element identified by ``locator``.</doc>
<arguments>
<arg>${FPDay4}</arg>
</arguments>
<msg timestamp="20200810 11:49:21.250" level="INFO">Clicking element 'xpath://li[@id='tabDay3']//a[1]'.</msg>
<status status="PASS" starttime="20200810 11:49:21.249" endtime="20200810 11:49:21.627"></status>
</kw>
<kw name="Click Element" library="SeleniumLibrary">
<doc>Click the element identified by ``locator``.</doc>
<arguments>
<arg>${FPDay5}</arg>
</arguments>
<msg timestamp="20200810 11:49:21.628" level="INFO">Clicking element 'xpath://li[@id='tabDay4']//a[1]'.</msg>
<status status="PASS" starttime="20200810 11:49:21.627" endtime="20200810 11:49:22.245"></status>
</kw>
<kw name="Click Element" library="SeleniumLibrary">
<doc>Click the element identified by ``locator``.</doc>
<arguments>
<arg>${FPDay6}</arg>
</arguments>
<msg timestamp="20200810 11:49:22.246" level="INFO">Clicking element 'xpath://li[@id='tabDay5']//a[1]'.</msg>
<status status="PASS" starttime="20200810 11:49:22.245" endtime="20200810 11:49:22.645"></status>
</kw>
<kw name="Click Element" library="SeleniumLibrary">
<doc>Click the element identified by ``locator``.</doc>
<arguments>
<arg>${FPDay7}</arg>
</arguments>
<msg timestamp="20200810 11:49:22.645" level="INFO">Clicking element 'xpath://li[@id='tabDay6']//a[1]'.</msg>
<status status="PASS" starttime="20200810 11:49:22.645" endtime="20200810 11:49:22.747"></status>
</kw>
<status status="PASS" starttime="20200810 11:49:20.106" endtime="20200810 11:49:22.747"></status>
</kw>
<kw name="Finish TestCase" library="KeywordsForecast" type="teardown">
<kw name="Close All Browsers" library="SeleniumLibrary">
<doc>Closes all open browsers and resets the browser cache.</doc>
<status status="PASS" starttime="20200810 11:49:22.750" endtime="20200810 11:49:25.099"></status>
</kw>
<status status="PASS" starttime="20200810 11:49:22.748" endtime="20200810 11:49:25.099"></status>
</kw>
<status status="PASS" starttime="20200810 11:49:10.354" endtime="20200810 11:49:25.100" critical="yes"></status>
</test>
<test id="s1-t3" name="TC3: There should be a forecast for South West England on the forecast page">
<kw name="Start TestCase" library="Common" type="setup">
<kw name="Open Browser" library="SeleniumLibrary">
<doc>Opens a new browser instance to the optional ``url``.</doc>
<arguments>
<arg>https://www.metoffice.gov.uk/</arg>
<arg>chrome</arg>
</arguments>
<msg timestamp="20200810 11:49:25.102" level="INFO">Opening browser 'chrome' to base url 'https://www.metoffice.gov.uk/'.</msg>
<status status="PASS" starttime="20200810 11:49:25.102" endtime="20200810 11:49:30.444"></status>
</kw>
<kw name="Maximize Browser Window" library="SeleniumLibrary">
<doc>Maximizes current browser window.</doc>
<status status="PASS" starttime="20200810 11:49:30.444" endtime="20200810 11:49:32.620"></status>
</kw>
<kw name="Click Button" library="SeleniumLibrary">
<doc>Clicks the button identified by ``locator``.</doc>
<arguments>
<arg>${HPCookiesDisclaimerBtn}</arg>
</arguments>
<msg timestamp="20200810 11:49:32.621" level="INFO">Clicking button 'xpath://html/body/section/div/div/div[2]/div[1]/button'.</msg>
<status status="PASS" starttime="20200810 11:49:32.620" endtime="20200810 11:49:32.962"></status>
</kw>
<status status="PASS" starttime="20200810 11:49:25.102" endtime="20200810 11:49:32.962"></status>
</kw>
<kw name="Select Search Text Box" library="KeywordsForecast">
<kw name="Click Element" library="SeleniumLibrary">
<doc>Click the element identified by ``locator``.</doc>
<arguments>
<arg>${HPSearchTextBox}</arg>
</arguments>
<msg timestamp="20200810 11:49:32.963" level="INFO">Clicking element 'xpath://input[@id='location-search-input']'.</msg>
<status status="PASS" starttime="20200810 11:49:32.963" endtime="20200810 11:49:33.337"></status>
</kw>
<status status="PASS" starttime="20200810 11:49:32.963" endtime="20200810 11:49:33.337"></status>
</kw>
<kw name="Enter Search Term" library="KeywordsForecast">
<arguments>
<arg>${searchterm}</arg>
</arguments>
<kw name="Input Text" library="SeleniumLibrary">
<doc>Types the given ``text`` into the text field identified by ``locator``.</doc>
<arguments>
<arg>${HPSearchTextBox}</arg>
<arg>${searchterm}</arg>
</arguments>
<msg timestamp="20200810 11:49:33.341" level="INFO">Typing text 'jacobs ladder' into text field 'xpath://input[@id='location-search-input']'.</msg>
<status status="PASS" starttime="20200810 11:49:33.340" endtime="20200810 11:49:33.516"></status>
</kw>
<status status="PASS" starttime="20200810 11:49:33.338" endtime="20200810 11:49:33.517"></status>
</kw>
<kw name="Click Search" library="KeywordsForecast">
<kw name="Click Element" library="SeleniumLibrary">
<doc>Click the element identified by ``locator``.</doc>
<arguments>
<arg>${HPSearchButton}</arg>
</arguments>
<msg timestamp="20200810 11:49:33.519" level="INFO">Clicking element 'xpath://button[@id='location-search-submit']//span[@class='icon'][contains(text(),'Search')]'.</msg>
<status status="PASS" starttime="20200810 11:49:33.518" endtime="20200810 11:49:34.865"></status>
</kw>
<status status="PASS" starttime="20200810 11:49:33.517" endtime="20200810 11:49:34.866"></status>
</kw>
<kw name="Check for regional forecast" library="KeywordsForecast">
<arguments>
<arg>${enterregionname}</arg>
</arguments>
<kw name="Element Should Contain" library="SeleniumLibrary">
<doc>Verifies that element ``locator`` contains text ``expected``.</doc>
<arguments>
<arg>${FPRegionalForecast}</arg>
<arg>${region}</arg>
</arguments>
<msg timestamp="20200810 11:49:35.008" level="INFO">Element 'xpath://*[@id='five-day-forecast']' contains text 'South West England'.</msg>
<status status="PASS" starttime="20200810 11:49:34.867" endtime="20200810 11:49:35.009"></status>
</kw>
<status status="PASS" starttime="20200810 11:49:34.866" endtime="20200810 11:49:35.009"></status>
</kw>
<kw name="Finish TestCase" library="KeywordsForecast" type="teardown">
<kw name="Close All Browsers" library="SeleniumLibrary">
<doc>Closes all open browsers and resets the browser cache.</doc>
<status status="PASS" starttime="20200810 11:49:35.010" endtime="20200810 11:49:37.331"></status>
</kw>
<status status="PASS" starttime="20200810 11:49:35.009" endtime="20200810 11:49:37.331"></status>
</kw>
<status status="PASS" starttime="20200810 11:49:25.101" endtime="20200810 11:49:37.332" critical="yes"></status>
</test>
<test id="s1-t4" name="TC4: There should be a beach forecast available for Jacobs Ladder">
<kw name="Start TestCase" library="Common" type="setup">
<kw name="Open Browser" library="SeleniumLibrary">
<doc>Opens a new browser instance to the optional ``url``.</doc>
<arguments>
<arg>https://www.metoffice.gov.uk/</arg>
<arg>chrome</arg>
</arguments>
<msg timestamp="20200810 11:49:37.334" level="INFO">Opening browser 'chrome' to base url 'https://www.metoffice.gov.uk/'.</msg>
<status status="PASS" starttime="20200810 11:49:37.334" endtime="20200810 11:49:43.229"></status>
</kw>
<kw name="Maximize Browser Window" library="SeleniumLibrary">
<doc>Maximizes current browser window.</doc>
<status status="PASS" starttime="20200810 11:49:43.229" endtime="20200810 11:49:45.433"></status>
</kw>
<kw name="Click Button" library="SeleniumLibrary">
<doc>Clicks the button identified by ``locator``.</doc>
<arguments>
<arg>${HPCookiesDisclaimerBtn}</arg>
</arguments>
<msg timestamp="20200810 11:49:45.434" level="INFO">Clicking button 'xpath://html/body/section/div/div/div[2]/div[1]/button'.</msg>
<status status="PASS" starttime="20200810 11:49:45.434" endtime="20200810 11:49:45.853"></status>
</kw>
<status status="PASS" starttime="20200810 11:49:37.334" endtime="20200810 11:49:45.853"></status>
</kw>
<kw name="Select Search Text Box" library="KeywordsForecast">
<kw name="Click Element" library="SeleniumLibrary">
<doc>Click the element identified by ``locator``.</doc>
<arguments>
<arg>${HPSearchTextBox}</arg>
</arguments>
<msg timestamp="20200810 11:49:45.855" level="INFO">Clicking element 'xpath://input[@id='location-search-input']'.</msg>
<status status="PASS" starttime="20200810 11:49:45.854" endtime="20200810 11:49:46.250"></status>
</kw>
<status status="PASS" starttime="20200810 11:49:45.854" endtime="20200810 11:49:46.251"></status>
</kw>
<kw name="Enter Search Term" library="KeywordsForecast">
<arguments>
<arg>${searchterm}</arg>
</arguments>
<kw name="Input Text" library="SeleniumLibrary">
<doc>Types the given ``text`` into the text field identified by ``locator``.</doc>
<arguments>
<arg>${HPSearchTextBox}</arg>
<arg>${searchterm}</arg>
</arguments>
<msg timestamp="20200810 11:49:46.256" level="INFO">Typing text 'jacobs ladder' into text field 'xpath://input[@id='location-search-input']'.</msg>
<status status="PASS" starttime="20200810 11:49:46.255" endtime="20200810 11:49:46.494"></status>
</kw>
<status status="PASS" starttime="20200810 11:49:46.254" endtime="20200810 11:49:46.494"></status>
</kw>
<kw name="Click Search" library="KeywordsForecast">
<kw name="Click Element" library="SeleniumLibrary">
<doc>Click the element identified by ``locator``.</doc>
<arguments>
<arg>${HPSearchButton}</arg>
</arguments>
<msg timestamp="20200810 11:49:46.514" level="INFO">Clicking element 'xpath://button[@id='location-search-submit']//span[@class='icon'][contains(text(),'Search')]'.</msg>
<status status="PASS" starttime="20200810 11:49:46.514" endtime="20200810 11:49:47.628"></status>
</kw>
<status status="PASS" starttime="20200810 11:49:46.513" endtime="20200810 11:49:47.629"></status>
</kw>
<kw name="Check for beach forecast" library="KeywordsForecast">
<kw name="Element Should Contain" library="SeleniumLibrary">
<doc>Verifies that element ``locator`` contains text ``expected``.</doc>
<arguments>
<arg>${FPBeachForecastHeader}</arg>
<arg>Beach forecast and tide times</arg>
</arguments>
<msg timestamp="20200810 11:49:47.755" level="INFO">Element 'xpath://main[@id='content']/div[4]/div[1]/div[1]/div[1]/a[1]/div[1]/h2[1]' contains text 'Beach forecast and tide times'.</msg>
<status status="PASS" starttime="20200810 11:49:47.632" endtime="20200810 11:49:47.755"></status>
</kw>
<kw name="Element Should Contain" library="SeleniumLibrary">
<doc>Verifies that element ``locator`` contains text ``expected``.</doc>
<arguments>
<arg>${FPBeachForecastLocation}</arg>
<arg>Sidmouth - Jacobs Ladder (Beach)</arg>
</arguments>
<msg timestamp="20200810 11:49:48.009" level="INFO">Element 'xpath://div[@class='detail']//h3' contains text 'Sidmouth - Jacobs Ladder (Beach)'.</msg>
<status status="PASS" starttime="20200810 11:49:47.756" endtime="20200810 11:49:48.009"></status>
</kw>
<kw name="Element Should Contain" library="SeleniumLibrary">
<doc>Verifies that element ``locator`` contains text ``expected``.</doc>
<arguments>
<arg>${FPWindForecast}</arg>
<arg>Wind</arg>
</arguments>
<msg timestamp="20200810 11:49:48.341" level="INFO">Element 'css:div.grid-3-col div.col-2 div.content-container:nth-child(2) div.beach-preview a:nth-child(1) div.detail div.items:nth-child(4) &gt; div:nth-child(1)' contains text 'Wind'.</msg>
<status status="PASS" starttime="20200810 11:49:48.009" endtime="20200810 11:49:48.341"></status>
</kw>
<kw name="Element Should Contain" library="SeleniumLibrary">
<doc>Verifies that element ``locator`` contains text ``expected``.</doc>
<arguments>
<arg>${FPTideForecast}</arg>
<arg>Tide</arg>
</arguments>
<msg timestamp="20200810 11:49:48.430" level="INFO">Element 'css:div.grid-3-col div.col-2 div.content-container:nth-child(2) div.beach-preview a:nth-child(1) div.detail div.items:nth-child(4) &gt; div:nth-child(2)' contains text 'Tide'.</msg>
<status status="PASS" starttime="20200810 11:49:48.341" endtime="20200810 11:49:48.430"></status>
</kw>
<status status="PASS" starttime="20200810 11:49:47.630" endtime="20200810 11:49:48.430"></status>
</kw>
<kw name="Finish TestCase" library="KeywordsForecast" type="teardown">
<kw name="Close All Browsers" library="SeleniumLibrary">
<doc>Closes all open browsers and resets the browser cache.</doc>
<status status="PASS" starttime="20200810 11:49:48.431" endtime="20200810 11:49:50.771"></status>
</kw>
<status status="PASS" starttime="20200810 11:49:48.431" endtime="20200810 11:49:50.771"></status>
</kw>
<status status="PASS" starttime="20200810 11:49:37.333" endtime="20200810 11:49:50.773" critical="yes"></status>
</test>
<test id="s1-t5" name="TC5: There should not be a beach forecast for Sidmouth">
<kw name="Start TestCase" library="Common" type="setup">
<kw name="Open Browser" library="SeleniumLibrary">
<doc>Opens a new browser instance to the optional ``url``.</doc>
<arguments>
<arg>https://www.metoffice.gov.uk/</arg>
<arg>chrome</arg>
</arguments>
<msg timestamp="20200810 11:49:50.775" level="INFO">Opening browser 'chrome' to base url 'https://www.metoffice.gov.uk/'.</msg>
<status status="PASS" starttime="20200810 11:49:50.775" endtime="20200810 11:49:56.318"></status>
</kw>
<kw name="Maximize Browser Window" library="SeleniumLibrary">
<doc>Maximizes current browser window.</doc>
<status status="PASS" starttime="20200810 11:49:56.318" endtime="20200810 11:49:58.484"></status>
</kw>
<kw name="Click Button" library="SeleniumLibrary">
<doc>Clicks the button identified by ``locator``.</doc>
<arguments>
<arg>${HPCookiesDisclaimerBtn}</arg>
</arguments>
<msg timestamp="20200810 11:49:58.485" level="INFO">Clicking button 'xpath://html/body/section/div/div/div[2]/div[1]/button'.</msg>
<status status="PASS" starttime="20200810 11:49:58.485" endtime="20200810 11:49:58.835"></status>
</kw>
<status status="PASS" starttime="20200810 11:49:50.775" endtime="20200810 11:49:58.835"></status>
</kw>
<kw name="Select Search Text Box" library="KeywordsForecast">
<kw name="Click Element" library="SeleniumLibrary">
<doc>Click the element identified by ``locator``.</doc>
<arguments>
<arg>${HPSearchTextBox}</arg>
</arguments>
<msg timestamp="20200810 11:49:58.836" level="INFO">Clicking element 'xpath://input[@id='location-search-input']'.</msg>
<status status="PASS" starttime="20200810 11:49:58.836" endtime="20200810 11:49:59.233"></status>
</kw>
<status status="PASS" starttime="20200810 11:49:58.836" endtime="20200810 11:49:59.233"></status>
</kw>
<kw name="Enter Search Term" library="KeywordsForecast">
<arguments>
<arg>${searchterm2}</arg>
</arguments>
<kw name="Input Text" library="SeleniumLibrary">
<doc>Types the given ``text`` into the text field identified by ``locator``.</doc>
<arguments>
<arg>${HPSearchTextBox}</arg>
<arg>${searchterm}</arg>
</arguments>
<msg timestamp="20200810 11:49:59.235" level="INFO">Typing text 'Sidmouth' into text field 'xpath://input[@id='location-search-input']'.</msg>
<status status="PASS" starttime="20200810 11:49:59.235" endtime="20200810 11:49:59.407"></status>
</kw>
<status status="PASS" starttime="20200810 11:49:59.234" endtime="20200810 11:49:59.408"></status>
</kw>
<kw name="Click Search" library="KeywordsForecast">
<kw name="Click Element" library="SeleniumLibrary">
<doc>Click the element identified by ``locator``.</doc>
<arguments>
<arg>${HPSearchButton}</arg>
</arguments>
<msg timestamp="20200810 11:49:59.415" level="INFO">Clicking element 'xpath://button[@id='location-search-submit']//span[@class='icon'][contains(text(),'Search')]'.</msg>
<status status="PASS" starttime="20200810 11:49:59.415" endtime="20200810 11:50:00.901"></status>
</kw>
<status status="PASS" starttime="20200810 11:49:59.414" endtime="20200810 11:50:00.901"></status>
</kw>
<kw name="Check for NO beach forecast" library="KeywordsForecast">
<kw name="Page Should Not Contain" library="SeleniumLibrary">
<doc>Verifies the current page does not contain ``text``.</doc>
<arguments>
<arg>Beach forecast and tide times</arg>
</arguments>
<msg timestamp="20200810 11:50:01.827" level="INFO">Current page does not contain text 'Beach forecast and tide times'.</msg>
<status status="PASS" starttime="20200810 11:50:00.902" endtime="20200810 11:50:01.827"></status>
</kw>
<status status="PASS" starttime="20200810 11:50:00.902" endtime="20200810 11:50:01.827"></status>
</kw>
<kw name="Finish TestCase" library="KeywordsForecast" type="teardown">
<kw name="Close All Browsers" library="SeleniumLibrary">
<doc>Closes all open browsers and resets the browser cache.</doc>
<status status="PASS" starttime="20200810 11:50:01.828" endtime="20200810 11:50:04.254"></status>
</kw>
<status status="PASS" starttime="20200810 11:50:01.828" endtime="20200810 11:50:04.254"></status>
</kw>
<status status="PASS" starttime="20200810 11:49:50.774" endtime="20200810 11:50:04.255" critical="yes"></status>
</test>
<test id="s1-t6" name="TC6: THIS TEST CASE WILL FAIL - 7 days of forecasts should be shown on the forecast page">
<kw name="Start TestCase" library="Common" type="setup">
<kw name="Open Browser" library="SeleniumLibrary">
<doc>Opens a new browser instance to the optional ``url``.</doc>
<arguments>
<arg>https://www.metoffice.gov.uk/</arg>
<arg>chrome</arg>
</arguments>
<msg timestamp="20200810 11:50:04.257" level="INFO">Opening browser 'chrome' to base url 'https://www.metoffice.gov.uk/'.</msg>
<status status="PASS" starttime="20200810 11:50:04.257" endtime="20200810 11:50:09.665"></status>
</kw>
<kw name="Maximize Browser Window" library="SeleniumLibrary">
<doc>Maximizes current browser window.</doc>
<status status="PASS" starttime="20200810 11:50:09.665" endtime="20200810 11:50:11.862"></status>
</kw>
<kw name="Click Button" library="SeleniumLibrary">
<doc>Clicks the button identified by ``locator``.</doc>
<arguments>
<arg>${HPCookiesDisclaimerBtn}</arg>
</arguments>
<msg timestamp="20200810 11:50:11.864" level="INFO">Clicking button 'xpath://html/body/section/div/div/div[2]/div[1]/button'.</msg>
<status status="PASS" starttime="20200810 11:50:11.863" endtime="20200810 11:50:12.234"></status>
</kw>
<status status="PASS" starttime="20200810 11:50:04.257" endtime="20200810 11:50:12.234"></status>
</kw>
<kw name="Select Search Text Box" library="KeywordsForecast">
<kw name="Click Element" library="SeleniumLibrary">
<doc>Click the element identified by ``locator``.</doc>
<arguments>
<arg>${HPSearchTextBox}</arg>
</arguments>
<msg timestamp="20200810 11:50:12.237" level="INFO">Clicking element 'xpath://input[@id='location-search-input']'.</msg>
<status status="PASS" starttime="20200810 11:50:12.236" endtime="20200810 11:50:12.601"></status>
</kw>
<status status="PASS" starttime="20200810 11:50:12.235" endtime="20200810 11:50:12.602"></status>
</kw>
<kw name="Enter Search Term" library="KeywordsForecast">
<arguments>
<arg>${searchterm}</arg>
</arguments>
<kw name="Input Text" library="SeleniumLibrary">
<doc>Types the given ``text`` into the text field identified by ``locator``.</doc>
<arguments>
<arg>${HPSearchTextBox}</arg>
<arg>${searchterm}</arg>
</arguments>
<msg timestamp="20200810 11:50:12.604" level="INFO">Typing text 'jacobs ladder' into text field 'xpath://input[@id='location-search-input']'.</msg>
<status status="PASS" starttime="20200810 11:50:12.603" endtime="20200810 11:50:12.730"></status>
</kw>
<status status="PASS" starttime="20200810 11:50:12.602" endtime="20200810 11:50:12.730"></status>
</kw>
<kw name="Click Search" library="KeywordsForecast">
<kw name="Click Element" library="SeleniumLibrary">
<doc>Click the element identified by ``locator``.</doc>
<arguments>
<arg>${HPSearchButton}</arg>
</arguments>
<msg timestamp="20200810 11:50:12.732" level="INFO">Clicking element 'xpath://button[@id='location-search-submit']//span[@class='icon'][contains(text(),'Search')]'.</msg>
<status status="PASS" starttime="20200810 11:50:12.731" endtime="20200810 11:50:14.635"></status>
</kw>
<status status="PASS" starttime="20200810 11:50:12.731" endtime="20200810 11:50:14.635"></status>
</kw>
<kw name="FAIL Validate 7 days of forecast" library="KeywordsForecast">
<kw name="Click Element" library="SeleniumLibrary">
<doc>Click the element identified by ``locator``.</doc>
<arguments>
<arg>${FPToday}</arg>
</arguments>
<msg timestamp="20200810 11:50:14.639" level="FAIL">Variable '${FPToday}' not found. Did you mean:
    ${FPDay7}
    ${FPDay6}
    ${FPDay5}
    ${FPDay4}
    ${FPDay3}
    ${FPDay2}</msg>
<status status="FAIL" starttime="20200810 11:50:14.636" endtime="20200810 11:50:14.639"></status>
</kw>
<status status="FAIL" starttime="20200810 11:50:14.636" endtime="20200810 11:50:14.639"></status>
</kw>
<kw name="Finish TestCase" library="KeywordsForecast" type="teardown">
<kw name="Close All Browsers" library="SeleniumLibrary">
<doc>Closes all open browsers and resets the browser cache.</doc>
<status status="PASS" starttime="20200810 11:50:14.646" endtime="20200810 11:50:16.976"></status>
</kw>
<status status="PASS" starttime="20200810 11:50:14.645" endtime="20200810 11:50:16.976"></status>
</kw>
<status status="FAIL" starttime="20200810 11:50:04.256" endtime="20200810 11:50:16.977" critical="yes">Variable '${FPToday}' not found. Did you mean:
    ${FPDay7}
    ${FPDay6}
    ${FPDay5}
    ${FPDay4}
    ${FPDay3}
    ${FPDay2}</status>
</test>
<doc>Suite description</doc>
<status status="FAIL" starttime="20200810 11:48:58.089" endtime="20200810 11:50:16.979"></status>
</suite>
<statistics>
<total>
<stat pass="5" fail="1">Critical Tests</stat>
<stat pass="5" fail="1">All Tests</stat>
</total>
<tag>
</tag>
<suite>
<stat pass="5" fail="1" id="s1" name="MetOfficeTestSuite">MetOfficeTestSuite</stat>
</suite>
</statistics>
<errors>
</errors>
</robot>
